{"level":"info","message":"uploadUtil>> upload start...","timestamp":"2017-12-11T13:27:23.103Z"}
{"level":"info","message":"title: for a better tomorrow","timestamp":"2017-12-11T13:27:23.106Z"}
{"level":"info","message":"speaker: chris","timestamp":"2017-12-11T13:27:23.107Z"}
{"level":"info","message":"scripture: matthew 1:1","timestamp":"2017-12-11T13:27:23.110Z"}
{"level":"info","message":"intro: undefined","timestamp":"2017-12-11T13:27:23.114Z"}
{"level":"info","message":"lang: undefined","timestamp":"2017-12-11T13:27:23.115Z"}
{"level":"info","message":"url: http://hkmbc.org/hkmbc/dmdocuments/20171126WIC.pptx","timestamp":"2017-12-11T13:27:23.117Z"}
{"level":"info","message":"uploadUtil>> upload start...","timestamp":"2017-12-11T13:28:02.808Z"}
{"level":"info","message":"title: for a better tomorrow","timestamp":"2017-12-11T13:28:02.811Z"}
{"level":"info","message":"speaker: chris","timestamp":"2017-12-11T13:28:02.812Z"}
{"level":"info","message":"scripture: matthew 1:1","timestamp":"2017-12-11T13:28:02.815Z"}
{"level":"info","message":"intro: undefined","timestamp":"2017-12-11T13:28:02.818Z"}
{"level":"info","message":"lang: undefined","timestamp":"2017-12-11T13:28:02.820Z"}
{"level":"info","message":"url: http://hkmbc.org/hkmbc/dmdocuments/20171126WIC.pptx","timestamp":"2017-12-11T13:28:02.823Z"}
{"level":"info","message":"basename: 20171126WIC.pptx","timestamp":"2017-12-11T13:28:02.829Z"}
{"level":"info","message":"newfilename: 1512998882829_20171126WIC.pptx","timestamp":"2017-12-11T13:28:02.833Z"}
{"level":"info","message":"uploadUtil>> upload start...","timestamp":"2017-12-11T13:28:41.205Z"}
{"level":"info","message":"title: for a better tomorrow","timestamp":"2017-12-11T13:28:41.206Z"}
{"level":"info","message":"speaker: chris","timestamp":"2017-12-11T13:28:41.206Z"}
{"level":"info","message":"scripture: matthew 1:1","timestamp":"2017-12-11T13:28:41.206Z"}
{"level":"info","message":"intro: undefined","timestamp":"2017-12-11T13:28:41.209Z"}
{"level":"info","message":"lang: undefined","timestamp":"2017-12-11T13:28:41.209Z"}
{"level":"info","message":"url: http://hkmbc.org/hkmbc/dmdocuments/20171126WIC.pptx","timestamp":"2017-12-11T13:28:41.210Z"}
{"level":"info","message":"basename: 20171126WIC.pptx","timestamp":"2017-12-11T13:28:41.215Z"}
{"level":"info","message":"newfilename: 1512998921216_20171126WIC.pptx","timestamp":"2017-12-11T13:28:41.219Z"}
{"level":"info","message":"uploadUtil>> upload start...","timestamp":"2017-12-11T13:40:26.610Z"}
{"level":"info","message":"title: for a better tomorrow","timestamp":"2017-12-11T13:40:26.611Z"}
{"level":"info","message":"speaker: chris","timestamp":"2017-12-11T13:40:26.612Z"}
{"level":"info","message":"scripture: matthew 1:1","timestamp":"2017-12-11T13:40:26.612Z"}
{"level":"info","message":"intro: undefined","timestamp":"2017-12-11T13:40:26.614Z"}
{"level":"info","message":"lang: undefined","timestamp":"2017-12-11T13:40:26.615Z"}
{"level":"info","message":"url: http://hkmbc.org/hkmbc/dmdocuments/20171126WIC.pptx","timestamp":"2017-12-11T13:40:26.615Z"}
{"level":"info","message":"basename: 20171126WIC.pptx","timestamp":"2017-12-11T13:40:26.616Z"}
{"level":"info","message":"newfilename: 1512999626616_20171126WIC.pptx","timestamp":"2017-12-11T13:40:26.619Z"}
{"level":"info","message":"uploadUtil>> upload start...","timestamp":"2017-12-11T13:40:59.581Z"}
{"level":"info","message":"title: for a better tomorrow","timestamp":"2017-12-11T13:40:59.583Z"}
{"level":"info","message":"speaker: chris","timestamp":"2017-12-11T13:40:59.585Z"}
{"level":"info","message":"scripture: matthew 1:1","timestamp":"2017-12-11T13:40:59.588Z"}
{"level":"info","message":"intro: undefined","timestamp":"2017-12-11T13:40:59.592Z"}
{"level":"info","message":"lang: undefined","timestamp":"2017-12-11T13:40:59.596Z"}
{"level":"info","message":"url: http://hkmbc.org/hkmbc/dmdocuments/20171126WIC.pptx","timestamp":"2017-12-11T13:40:59.597Z"}
{"level":"info","message":"basename: 20171126WIC.pptx","timestamp":"2017-12-11T13:40:59.600Z"}
{"level":"info","message":"newfilename: 1512999659600_20171126WIC.pptx","timestamp":"2017-12-11T13:40:59.603Z"}
{"level":"info","message":"uploadUtil>> upload start...","timestamp":"2017-12-11T13:41:19.558Z"}
{"level":"info","message":"title: for a better tomorrow","timestamp":"2017-12-11T13:41:19.560Z"}
{"level":"info","message":"speaker: chris","timestamp":"2017-12-11T13:41:19.562Z"}
{"level":"info","message":"scripture: matthew 1:1","timestamp":"2017-12-11T13:41:19.563Z"}
{"level":"info","message":"intro: undefined","timestamp":"2017-12-11T13:41:19.567Z"}
{"level":"info","message":"lang: undefined","timestamp":"2017-12-11T13:41:19.568Z"}
{"level":"info","message":"url: http://hkmbc.org/hkmbc/dmdocuments/20171126WIC.pptx","timestamp":"2017-12-11T13:41:19.571Z"}
{"level":"info","message":"basename: 20171126WIC.pptx","timestamp":"2017-12-11T13:41:19.573Z"}
{"level":"info","message":"newfilename: 1512999679573_20171126WIC.pptx","timestamp":"2017-12-11T13:41:19.577Z"}
{"level":"info","message":"uploadUtil>> upload start...","timestamp":"2017-12-11T13:43:25.013Z"}
{"level":"info","message":"title: for a better tomorrow","timestamp":"2017-12-11T13:43:32.087Z"}
{"level":"info","message":"speaker: chris","timestamp":"2017-12-11T13:43:32.464Z"}
{"level":"info","message":"scripture: matthew 1:1","timestamp":"2017-12-11T13:43:32.828Z"}
{"level":"info","message":"intro: undefined","timestamp":"2017-12-11T13:43:33.205Z"}
{"level":"info","message":"lang: undefined","timestamp":"2017-12-11T13:43:33.742Z"}
{"level":"info","message":"url: http://hkmbc.org/hkmbc/dmdocuments/20171126WIC.pptx","timestamp":"2017-12-11T13:43:34.131Z"}
{"level":"info","message":"basename: 20171126WIC.pptx","timestamp":"2017-12-11T13:43:35.619Z"}
{"level":"info","message":"newfilename: 1512999816330_20171126WIC.pptx","timestamp":"2017-12-11T13:43:36.980Z"}
{"level":"info","message":"uploadUtil>> upload start...","timestamp":"2017-12-11T13:48:53.632Z"}
{"level":"info","message":"title: for a better tomorrow","timestamp":"2017-12-11T13:48:53.634Z"}
{"level":"info","message":"speaker: chris","timestamp":"2017-12-11T13:48:53.636Z"}
{"level":"info","message":"scripture: matthew 1:1","timestamp":"2017-12-11T13:48:53.637Z"}
{"level":"info","message":"intro: undefined","timestamp":"2017-12-11T13:48:53.642Z"}
{"level":"info","message":"lang: undefined","timestamp":"2017-12-11T13:48:53.643Z"}
{"level":"info","message":"url: http://hkmbc.org/hkmbc/dmdocuments/20171126WIC.pptx","timestamp":"2017-12-11T13:48:53.644Z"}
{"level":"info","message":"basename: 20171126WIC.pptx","timestamp":"2017-12-11T13:48:53.646Z"}
{"level":"info","message":"newfilename: 1513000133646_20171126WIC.pptx","timestamp":"2017-12-11T13:48:53.650Z"}
{"level":"info","message":"uploadUtil>> upload start...","timestamp":"2017-12-11T13:58:47.013Z"}
{"level":"info","message":"uploadUtil>> upload start...","timestamp":"2017-12-11T14:05:14.140Z"}
{"level":"info","message":"title: for a better tomorrow","timestamp":"2017-12-11T14:05:14.143Z"}
{"level":"info","message":"speaker: chris","timestamp":"2017-12-11T14:05:14.143Z"}
{"level":"info","message":"scripture: matthew 1:1","timestamp":"2017-12-11T14:05:14.143Z"}
{"level":"info","message":"intro: undefined","timestamp":"2017-12-11T14:05:14.144Z"}
{"level":"info","message":"lang: undefined","timestamp":"2017-12-11T14:05:14.145Z"}
{"level":"info","message":"url: http://hkmbc.org/hkmbc/dmdocuments/20171126WIC.pptx","timestamp":"2017-12-11T14:05:14.145Z"}
{"level":"info","message":"basename: 20171126WIC.pptx","timestamp":"2017-12-11T14:05:14.146Z"}
{"level":"info","message":"newfilename: 1513001114146_20171126WIC.pptx","timestamp":"2017-12-11T14:05:14.149Z"}
{"level":"info","message":"uploadUtil>> upload start...","timestamp":"2017-12-11T14:06:12.832Z"}
{"level":"info","message":"title: for a better tomorrow","timestamp":"2017-12-11T14:06:12.833Z"}
{"level":"info","message":"speaker: chris","timestamp":"2017-12-11T14:06:12.836Z"}
{"level":"info","message":"scripture: matthew 1:1","timestamp":"2017-12-11T14:06:12.837Z"}
{"level":"info","message":"intro: undefined","timestamp":"2017-12-11T14:06:12.841Z"}
{"level":"info","message":"lang: undefined","timestamp":"2017-12-11T14:06:12.842Z"}
{"level":"info","message":"url: http://hkmbc.org/hkmbc/dmdocuments/20171126WIC.pptx","timestamp":"2017-12-11T14:06:12.843Z"}
{"level":"info","message":"basename: 20171126WIC.pptx","timestamp":"2017-12-11T14:06:12.846Z"}
{"level":"info","message":"newfilename: 1513001172846_20171126WIC.pptx","timestamp":"2017-12-11T14:06:12.850Z"}
{"level":"info","message":"uploadUtil>> upload start...","timestamp":"2017-12-11T14:06:40.223Z"}
{"level":"info","message":"title: for a better tomorrow","timestamp":"2017-12-11T14:06:40.224Z"}
{"level":"info","message":"speaker: chris","timestamp":"2017-12-11T14:06:40.225Z"}
{"level":"info","message":"scripture: matthew 1:1","timestamp":"2017-12-11T14:06:40.225Z"}
{"level":"info","message":"intro: undefined","timestamp":"2017-12-11T14:06:40.227Z"}
{"level":"info","message":"lang: undefined","timestamp":"2017-12-11T14:06:40.228Z"}
{"level":"info","message":"url: http://hkmbc.org/hkmbc/dmdocuments/20171126WIC.pptx","timestamp":"2017-12-11T14:06:40.228Z"}
{"level":"info","message":"basename: 20171126WIC.pptx","timestamp":"2017-12-11T14:06:40.229Z"}
{"level":"info","message":"newfilename: 1513001200229_20171126WIC.pptx","timestamp":"2017-12-11T14:06:40.231Z"}
{"level":"info","message":"uploadUtil>> upload start...","timestamp":"2017-12-11T14:10:19.735Z"}
{"level":"info","message":"title: for a better tomorrow","timestamp":"2017-12-11T14:10:19.737Z"}
{"level":"info","message":"speaker: chris","timestamp":"2017-12-11T14:10:19.739Z"}
{"level":"info","message":"scripture: matthew 1:1","timestamp":"2017-12-11T14:10:19.743Z"}
{"level":"info","message":"intro: undefined","timestamp":"2017-12-11T14:10:19.747Z"}
{"level":"info","message":"lang: undefined","timestamp":"2017-12-11T14:10:19.748Z"}
{"level":"info","message":"url: http://hkmbc.org/hkmbc/dmdocuments/20171126WIC.pptx","timestamp":"2017-12-11T14:10:19.750Z"}
{"level":"info","message":"basename: 20171126WIC.pptx","timestamp":"2017-12-11T14:10:19.752Z"}
{"level":"info","message":"newfilename: 1513001419752_20171126WIC.pptx","timestamp":"2017-12-11T14:10:19.756Z"}
{"level":"info","message":"uploadUtil>> new sermon inserted: {\"title\":\"for a better tomorrow\",\"speaker\":\"chris\",\"scripture\":\"matthew 1:1\",\"url\":\"http://hkmbc.org/hkmbc/dmdocuments/20171126WIC.pptx\",\"newfilename\":\"1513001419752_20171126WIC.pptx\",\"_id\":\"5a2e91cbed6cbe2de46644a7\"}","timestamp":"2017-12-11T14:10:19.803Z"}
{"level":"info","message":"uploadUtil>> upload start...","timestamp":"2017-12-11T14:10:55.784Z"}
{"level":"info","message":"title: for a better tomorrow","timestamp":"2017-12-11T14:10:55.785Z"}
{"level":"info","message":"speaker: chris","timestamp":"2017-12-11T14:10:55.787Z"}
{"level":"info","message":"scripture: matthew 1:1","timestamp":"2017-12-11T14:10:55.791Z"}
{"level":"info","message":"intro: undefined","timestamp":"2017-12-11T14:10:55.793Z"}
{"level":"info","message":"lang: undefined","timestamp":"2017-12-11T14:10:55.794Z"}
{"level":"info","message":"url: http://hkmbc.org/hkmbc/dmdocuments/20171126WIC.pptx","timestamp":"2017-12-11T14:10:55.796Z"}
{"level":"info","message":"basename: 20171126WIC.pptx","timestamp":"2017-12-11T14:10:55.798Z"}
{"level":"info","message":"newfilename: 1513001455798_20171126WIC.pptx","timestamp":"2017-12-11T14:10:55.799Z"}
{"level":"info","message":"uploadUtil>> new sermon inserted: {\"title\":\"for a better tomorrow\",\"speaker\":\"chris\",\"scripture\":\"matthew 1:1\",\"url\":\"http://hkmbc.org/hkmbc/dmdocuments/20171126WIC.pptx\",\"newfilename\":\"1513001455798_20171126WIC.pptx\",\"_id\":\"5a2e91efed6cbe2de46644a8\"}","timestamp":"2017-12-11T14:10:55.820Z"}
{"level":"info","message":"uploadUtil>> upload start...","timestamp":"2017-12-11T14:21:11.771Z"}
{"level":"info","message":"title: for a better tomorrow","timestamp":"2017-12-11T14:21:11.775Z"}
{"level":"info","message":"speaker: chris","timestamp":"2017-12-11T14:21:11.776Z"}
{"level":"info","message":"scripture: matthew 1:1","timestamp":"2017-12-11T14:21:11.779Z"}
{"level":"info","message":"intro: undefined","timestamp":"2017-12-11T14:21:11.782Z"}
{"level":"info","message":"lang: undefined","timestamp":"2017-12-11T14:21:11.783Z"}
{"level":"info","message":"url: http://hkmbc.org/hkmbc/dmdocuments/20171126WIC.pptx","timestamp":"2017-12-11T14:21:11.785Z"}
{"level":"info","message":"basename: 20171126WIC.pptx","timestamp":"2017-12-11T14:21:11.787Z"}
{"level":"info","message":"filename: 1513002071787_20171126WIC.pptx","timestamp":"2017-12-11T14:21:11.790Z"}
{"level":"info","message":"uploadUtil>> upload start...","timestamp":"2017-12-11T14:21:29.824Z"}
{"level":"info","message":"title: for a better tomorrow","timestamp":"2017-12-11T14:21:29.826Z"}
{"level":"info","message":"speaker: chris","timestamp":"2017-12-11T14:21:29.826Z"}
{"level":"info","message":"scripture: matthew 1:1","timestamp":"2017-12-11T14:21:29.827Z"}
{"level":"info","message":"intro: undefined","timestamp":"2017-12-11T14:21:29.830Z"}
{"level":"info","message":"lang: undefined","timestamp":"2017-12-11T14:21:29.833Z"}
{"level":"info","message":"url: http://hkmbc.org/hkmbc/dmdocuments/20171126WIC.pptx","timestamp":"2017-12-11T14:21:29.833Z"}
{"level":"info","message":"basename: 20171126WIC.pptx","timestamp":"2017-12-11T14:21:29.835Z"}
{"level":"info","message":"filename: 1513002089835_20171126WIC.pptx","timestamp":"2017-12-11T14:21:29.837Z"}
{"level":"info","message":"uploadUtil>> new sermon inserted: {\"title\":\"for a better tomorrow\",\"speaker\":\"chris\",\"scripture\":\"matthew 1:1\",\"url\":\"http://hkmbc.org/hkmbc/dmdocuments/20171126WIC.pptx\",\"filename\":\"1513002089835_20171126WIC.pptx\",\"_id\":\"5a2e94698f931a3108e5bfc7\"}","timestamp":"2017-12-11T14:21:29.883Z"}
{"level":"info","message":"uploadUtil>> upload start...","timestamp":"2017-12-11T14:22:59.752Z"}
{"level":"info","message":"title: for a better tomorrow","timestamp":"2017-12-11T14:22:59.754Z"}
{"level":"info","message":"speaker: chris","timestamp":"2017-12-11T14:22:59.755Z"}
{"level":"info","message":"scripture: matthew 1:1","timestamp":"2017-12-11T14:22:59.756Z"}
{"level":"info","message":"intro: undefined","timestamp":"2017-12-11T14:22:59.760Z"}
{"level":"info","message":"lang: undefined","timestamp":"2017-12-11T14:22:59.762Z"}
{"level":"info","message":"url: http://hkmbc.org/hkmbc/dmdocuments/20171126WIC.pptx","timestamp":"2017-12-11T14:22:59.763Z"}
{"level":"info","message":"basename: 20171126WIC.pptx","timestamp":"2017-12-11T14:22:59.765Z"}
{"level":"info","message":"filename: 1513002179765_20171126WIC.pptx","timestamp":"2017-12-11T14:22:59.768Z"}
{"level":"info","message":"uploadUtil>> new sermon inserted: {\"title\":\"for a better tomorrow\",\"speaker\":\"chris\",\"scripture\":\"matthew 1:1\",\"url\":\"http://hkmbc.org/hkmbc/dmdocuments/20171126WIC.pptx\",\"filename\":\"1513002179765_20171126WIC.pptx\",\"_id\":\"5a2e94c37dc51d2df8507958\"}","timestamp":"2017-12-11T14:22:59.799Z"}
{"level":"info","message":"uploadUtil>> upload start...","timestamp":"2017-12-11T14:24:11.723Z"}
{"level":"info","message":"title: for a better tomorrow","timestamp":"2017-12-11T14:24:11.724Z"}
{"level":"info","message":"speaker: chris","timestamp":"2017-12-11T14:24:11.726Z"}
{"level":"info","message":"scripture: matthew 1:1","timestamp":"2017-12-11T14:24:11.728Z"}
{"level":"info","message":"intro: undefined","timestamp":"2017-12-11T14:24:11.731Z"}
{"level":"info","message":"lang: undefined","timestamp":"2017-12-11T14:24:11.732Z"}
{"level":"info","message":"url: http://hkmbc.org/hkmbc/dmdocuments/20171021WIC.pptx","timestamp":"2017-12-11T14:24:11.734Z"}
{"level":"info","message":"basename: 20171021WIC.pptx","timestamp":"2017-12-11T14:24:11.736Z"}
{"level":"info","message":"filename: 1513002251737_20171021WIC.pptx","timestamp":"2017-12-11T14:24:11.739Z"}
{"level":"info","message":"uploadUtil>> new sermon inserted: {\"title\":\"for a better tomorrow\",\"speaker\":\"chris\",\"scripture\":\"matthew 1:1\",\"url\":\"http://hkmbc.org/hkmbc/dmdocuments/20171021WIC.pptx\",\"filename\":\"1513002251737_20171021WIC.pptx\",\"_id\":\"5a2e950b7dc51d2df8507959\"}","timestamp":"2017-12-11T14:24:11.759Z"}
{"level":"info","message":"uploadUtil>> upload start...","timestamp":"2017-12-11T14:26:32.100Z"}
{"level":"info","message":"title: for a better tomorrow","timestamp":"2017-12-11T14:26:32.102Z"}
{"level":"info","message":"speaker: chris","timestamp":"2017-12-11T14:26:32.103Z"}
{"level":"info","message":"scripture: matthew 1:1","timestamp":"2017-12-11T14:26:32.106Z"}
{"level":"info","message":"intro: undefined","timestamp":"2017-12-11T14:26:32.107Z"}
{"level":"info","message":"lang: undefined","timestamp":"2017-12-11T14:26:32.110Z"}
{"level":"info","message":"url: https://en.wikipedia.org/wiki/File:Christian_cross.svg","timestamp":"2017-12-11T14:26:32.111Z"}
{"level":"info","message":"basename: File:Christian_cross.svg","timestamp":"2017-12-11T14:26:32.113Z"}
{"level":"info","message":"filename: 1513002392113_File:Christian_cross.svg","timestamp":"2017-12-11T14:26:32.115Z"}
{"level":"info","message":"uploadUtil>> upload start...","timestamp":"2017-12-11T14:26:54.435Z"}
{"level":"info","message":"title: for a better tomorrow","timestamp":"2017-12-11T14:26:54.437Z"}
{"level":"info","message":"speaker: chris","timestamp":"2017-12-11T14:26:54.439Z"}
{"level":"info","message":"scripture: matthew 1:1","timestamp":"2017-12-11T14:26:54.441Z"}
{"level":"info","message":"intro: undefined","timestamp":"2017-12-11T14:26:54.444Z"}
{"level":"info","message":"lang: undefined","timestamp":"2017-12-11T14:26:54.445Z"}
{"level":"info","message":"url: http://hkmbc.org/hkmbc/dmdocuments/20171014WIC.pptx","timestamp":"2017-12-11T14:26:54.450Z"}
{"level":"info","message":"basename: 20171014WIC.pptx","timestamp":"2017-12-11T14:26:54.452Z"}
{"level":"info","message":"filename: 1513002414452_20171014WIC.pptx","timestamp":"2017-12-11T14:26:54.453Z"}
{"level":"info","message":"uploadUtil>> new sermon inserted: {\"title\":\"for a better tomorrow\",\"speaker\":\"chris\",\"scripture\":\"matthew 1:1\",\"url\":\"http://hkmbc.org/hkmbc/dmdocuments/20171014WIC.pptx\",\"filename\":\"1513002414452_20171014WIC.pptx\",\"_id\":\"5a2e95ae7dc51d2df850795a\"}","timestamp":"2017-12-11T14:26:54.461Z"}
